<?xml version="1.0" encoding="UTF-8"?>
<testsuite name="org.babyfish.jimmer.sql.example.web.DtoStyleControllerTest" tests="4" skipped="0" failures="0" errors="0" timestamp="2025-11-06T08:17:44.822Z" hostname="shenyandeMac-mini.local" time="1.609">
  <properties/>
  <testcase name="testFindRecursiveRootTreeNodes()" classname="org.babyfish.jimmer.sql.example.web.DtoStyleControllerTest" time="1.521"/>
  <testcase name="testFindComplexBooks()" classname="org.babyfish.jimmer.sql.example.web.DtoStyleControllerTest" time="0.061"/>
  <testcase name="testFindSimpleBooks()" classname="org.babyfish.jimmer.sql.example.web.DtoStyleControllerTest" time="0.012"/>
  <testcase name="testFindSimpleRootTreeNodes()" classname="org.babyfish.jimmer.sql.example.web.DtoStyleControllerTest" time="0.011"/>
  <system-out><![CDATA[16:17:42.888 [Test worker] INFO org.springframework.test.context.support.AnnotationConfigContextLoaderUtils -- Could not detect default configuration classes for test class [org.babyfish.jimmer.sql.example.web.DtoStyleControllerTest]: DtoStyleControllerTest does not declare any static, non-private, non-final, nested classes annotated with @Configuration.
16:17:42.996 [Test worker] INFO org.springframework.boot.test.context.SpringBootTestContextBootstrapper -- Found @SpringBootConfiguration org.babyfish.jimmer.sql.example.App for test class org.babyfish.jimmer.sql.example.web.DtoStyleControllerTest

  .   ____          _            __ _ _
 /\\ / ___'_ __ _ _(_)_ __  __ _ \ \ \ \
( ( )\___ | '_ | '_| | '_ \/ _` | \ \ \ \
 \\/  ___)| |_)| | | | | || (_| |  ) ) ) )
  '  |____| .__|_| |_|_| |_\__, | / / / /
 =========|_|==============|___/=/_/_/_/

 :: Spring Boot ::                (v3.5.6)

2025-11-06T16:17:43.362+08:00  INFO 92083 --- [    Test worker] o.b.j.s.e.web.DtoStyleControllerTest     : Starting DtoStyleControllerTest using Java 23.0.2 with PID 92083 (started by shenyandu in /Users/shenyandu/CodeFree/github-warehouse/jimmer-examples/java/jimmer-simple)
2025-11-06T16:17:43.363+08:00  INFO 92083 --- [    Test worker] o.b.j.s.e.web.DtoStyleControllerTest     : No active profile set, falling back to 1 default profile: "default"
2025-11-06T16:17:43.929+08:00  INFO 92083 --- [    Test worker] .s.d.r.c.RepositoryConfigurationDelegate : Bootstrapping Spring Data Jimmer repositories in DEFAULT mode.
2025-11-06T16:17:43.967+08:00  INFO 92083 --- [    Test worker] .s.d.r.c.RepositoryConfigurationDelegate : Finished Spring Data repository scanning in 32 ms. Found 0 Jimmer repository interfaces.
2025-11-06T16:17:44.785+08:00  INFO 92083 --- [    Test worker] o.s.b.t.m.w.SpringBootMockServletContext : Initializing Spring TestDispatcherServlet ''
2025-11-06T16:17:44.786+08:00  INFO 92083 --- [    Test worker] o.s.t.web.servlet.TestDispatcherServlet  : Initializing Servlet ''
2025-11-06T16:17:44.787+08:00  INFO 92083 --- [    Test worker] o.s.t.web.servlet.TestDispatcherServlet  : Completed initialization in 0 ms
2025-11-06T16:17:44.813+08:00  INFO 92083 --- [    Test worker] o.b.j.s.e.web.DtoStyleControllerTest     : Started DtoStyleControllerTest in 1.716 seconds (process running for 2.495)
2025-11-06T16:17:45.297+08:00  INFO 92083 --- [    Test worker] com.zaxxer.hikari.HikariDataSource       : HikariPool-1 - Starting...
2025-11-06T16:17:45.579+08:00  INFO 92083 --- [    Test worker] com.zaxxer.hikari.pool.HikariPool        : HikariPool-1 - Added connection conn0: url=jdbc:h2:mem:jimmer-demo user=SA
2025-11-06T16:17:45.589+08:00  INFO 92083 --- [    Test worker] com.zaxxer.hikari.HikariDataSource       : HikariPool-1 - Start completed.
2025-11-06T16:17:46.111+08:00  INFO 92083 --- [    Test worker] o.b.jimmer.sql.runtime.ExecutorForLog    : Execute SQL===>
Purpose: QUERY
SQL: select
    tb_1_.ID,
    tb_1_.NAME
from TREE_NODE tb_1_
where
    tb_1_.PARENT_ID is null
JDBC response status: success
Time cost: 11ms
<===Execute SQL
2025-11-06T16:17:46.137+08:00  INFO 92083 --- [    Test worker] o.b.jimmer.sql.runtime.ExecutorForLog    : Execute SQL===>
Purpose: LOAD
SQL: select
    tb_1_.ID,
    tb_1_.NAME
from TREE_NODE tb_1_
where
    tb_1_.PARENT_ID = ? /* 1 */
order by
    tb_1_.NAME asc
JDBC response status: success
Time cost: 6ms
<===Execute SQL
2025-11-06T16:17:46.158+08:00  INFO 92083 --- [    Test worker] o.b.jimmer.sql.runtime.ExecutorForLog    : Execute SQL===>
Purpose: LOAD
SQL: select
    tb_1_.PARENT_ID,
    tb_1_.ID,
    tb_1_.NAME
from TREE_NODE tb_1_
where
    tb_1_.PARENT_ID = any(? /* [9, 2] */)
order by
    tb_1_.NAME asc
JDBC response status: success
Time cost: 5ms
<===Execute SQL
2025-11-06T16:17:46.159+08:00  INFO 92083 --- [    Test worker] o.b.jimmer.sql.runtime.ExecutorForLog    : Execute SQL===>
Purpose: LOAD
SQL: select
    tb_1_.PARENT_ID,
    tb_1_.ID,
    tb_1_.NAME
from TREE_NODE tb_1_
where
    tb_1_.PARENT_ID = any(? /* [18, 10, 6, 3] */)
order by
    tb_1_.NAME asc
JDBC response status: success
Time cost: 0ms
<===Execute SQL
2025-11-06T16:17:46.163+08:00  INFO 92083 --- [    Test worker] o.b.jimmer.sql.runtime.ExecutorForLog    : Execute SQL===>
Purpose: LOAD
SQL: select
    tb_1_.PARENT_ID,
    tb_1_.ID,
    tb_1_.NAME
from TREE_NODE tb_1_
where
    tb_1_.PARENT_ID = any(? /* [19, 22, 11, 15, 7, 8, 4, 5] */)
order by
    tb_1_.NAME asc
JDBC response status: success
Time cost: 1ms
<===Execute SQL
2025-11-06T16:17:46.169+08:00  INFO 92083 --- [    Test worker] o.b.jimmer.sql.runtime.ExecutorForLog    : Execute SQL===>
Purpose: LOAD
SQL: select
    tb_1_.PARENT_ID,
    tb_1_.ID,
    tb_1_.NAME
from TREE_NODE tb_1_
where
    tb_1_.PARENT_ID = any(? /* [20, 21, 24, 23, 12, 14, 13, 17, 16] */)
order by
    tb_1_.NAME asc
JDBC response status: success
Time cost: 2ms
<===Execute SQL
2025-11-06T16:17:46.359+08:00  INFO 92083 --- [    Test worker] o.b.jimmer.sql.runtime.ExecutorForLog    : Execute SQL===>
Purpose: QUERY
SQL: select
    tb_1_.ID,
    tb_1_.NAME,
    tb_1_.EDITION,
    tb_1_.PRICE,
    tb_1_.STORE_ID
from BOOK tb_1_
where
    tb_1_.NAME = ? /* GraphQL in Action */
JDBC response status: success
Time cost: 2ms
<===Execute SQL
2025-11-06T16:17:46.362+08:00  INFO 92083 --- [    Test worker] o.b.jimmer.sql.runtime.ExecutorForLog    : Execute SQL===>
Purpose: LOAD
SQL: select
    tb_1_.ID,
    tb_1_.NAME,
    tb_1_.WEBSITE
from BOOK_STORE tb_1_
where
    tb_1_.ID = ? /* 2 */
JDBC response status: success
Time cost: 1ms
<===Execute SQL
2025-11-06T16:17:46.366+08:00  INFO 92083 --- [    Test worker] o.b.jimmer.sql.runtime.ExecutorForLog    : Execute SQL===>
Purpose: LOAD
SQL: select
    tb_2_.BOOK_ID,
    tb_1_.ID,
    tb_1_.FIRST_NAME,
    tb_1_.LAST_NAME,
    tb_1_.GENDER
from AUTHOR tb_1_
inner join BOOK_AUTHOR_MAPPING tb_2_
    on tb_1_.ID = tb_2_.AUTHOR_ID
where
    tb_2_.BOOK_ID = any(? /* [10, 11, 12] */)
order by
    tb_1_.FIRST_NAME asc,
    tb_1_.LAST_NAME asc
JDBC response status: success
Time cost: 3ms
<===Execute SQL
2025-11-06T16:17:46.411+08:00  INFO 92083 --- [    Test worker] o.b.jimmer.sql.runtime.ExecutorForLog    : Execute SQL===>
Purpose: QUERY
SQL: select
    tb_1_.ID,
    tb_1_.NAME
from BOOK tb_1_
where
    tb_1_.NAME = ? /* GraphQL in Action */
JDBC response status: success
Time cost: 0ms
<===Execute SQL
2025-11-06T16:17:46.424+08:00  INFO 92083 --- [    Test worker] o.b.jimmer.sql.runtime.ExecutorForLog    : Execute SQL===>
Purpose: QUERY
SQL: select
    tb_1_.ID,
    tb_1_.NAME
from TREE_NODE tb_1_
where
    tb_1_.PARENT_ID is null
JDBC response status: success
Time cost: 0ms
<===Execute SQL
]]></system-out>
  <system-err><![CDATA[Mockito is currently self-attaching to enable the inline-mock-maker. This will no longer work in future releases of the JDK. Please add Mockito as an agent to your build as described in Mockito's documentation: https://javadoc.io/doc/org.mockito/mockito-core/latest/org.mockito/org/mockito/Mockito.html#0.3
WARNING: A Java agent has been loaded dynamically (/Users/shenyandu/.gradle/caches/modules-2/files-2.1/net.bytebuddy/byte-buddy-agent/1.17.7/fbf3d6d649ed37fc9e9c59480a05be0a26e3c2da/byte-buddy-agent-1.17.7.jar)
WARNING: If a serviceability tool is in use, please run with -XX:+EnableDynamicAgentLoading to hide this warning
WARNING: If a serviceability tool is not in use, please run with -Djdk.instrument.traceUsage for more information
WARNING: Dynamic loading of agents will be disallowed by default in a future release
]]></system-err>
</testsuite>
